android/app/build/intermediates/manifest_merge_blame_file/release/manifest-merger-blame-release-report.txt
1<?xml version="1.0" encoding="utf-8"?>
2<manifest xmlns:android="http://schemas.android.com/apk/res/android"
3    package="com.example.todo"
4    android:versionCode="1"
5    android:versionName="1.0" >
6
7    <uses-sdk
8        android:minSdkVersion="21"
9        android:targetSdkVersion="35" />
10
11    <uses-permission android:name="android.permission.POST_NOTIFICATIONS" />
11-->src\main\AndroidManifest.xml:4:5-76
11-->src\main\AndroidManifest.xml:4:22-74
12    <uses-permission android:name="android.permission.SCHEDULE_EXACT_ALARM" />
12-->src\main\AndroidManifest.xml:5:5-78
12-->src\main\AndroidManifest.xml:5:22-76
13    <uses-permission android:name="android.permission.USE_EXACT_ALARM" />
13-->src\main\AndroidManifest.xml:6:5-73
13-->src\main\AndroidManifest.xml:6:22-71
14    <uses-permission android:name="android.permission.RECEIVE_BOOT_COMPLETED" />
14-->src\main\AndroidManifest.xml:7:5-80
14-->src\main\AndroidManifest.xml:7:22-78
15    <uses-permission android:name="android.permission.VIBRATE" />
15-->src\main\AndroidManifest.xml:8:5-65
15-->src\main\AndroidManifest.xml:8:22-63
16    <uses-permission android:name="android.permission.WAKE_LOCK" />
16-->src\main\AndroidManifest.xml:9:5-67
16-->src\main\AndroidManifest.xml:9:22-65
17
18    <permission
18-->[androidx.core:core:1.13.1] AndroidManifest.xml:22:5-24:47
19        android:name="com.example.todo.DYNAMIC_RECEIVER_NOT_EXPORTED_PERMISSION"
19-->[androidx.core:core:1.13.1] AndroidManifest.xml:23:9-81
20        android:protectionLevel="signature" />
20-->[androidx.core:core:1.13.1] AndroidManifest.xml:24:9-44
21
22    <uses-permission android:name="com.example.todo.DYNAMIC_RECEIVER_NOT_EXPORTED_PERMISSION" />
22-->[androidx.core:core:1.13.1] AndroidManifest.xml:26:5-97
22-->[androidx.core:core:1.13.1] AndroidManifest.xml:26:22-94
23
24    <application
24-->src\main\AndroidManifest.xml:11:5-48:19
25        android:appComponentFactory="androidx.core.app.CoreComponentFactory"
25-->[androidx.core:core:1.13.1] AndroidManifest.xml:28:18-86
26        android:extractNativeLibs="true"
27        android:icon="@mipmap/ic_launcher"
27-->src\main\AndroidManifest.xml:13:9-43
28        android:label="Mindful Flow"
28-->src\main\AndroidManifest.xml:12:9-37
29        android:usesCleartextTraffic="false" >
29-->src\main\AndroidManifest.xml:14:9-45
30        <activity
30-->src\main\AndroidManifest.xml:16:9-28:20
31            android:name="com.example.todo.MainActivity"
31-->src\main\AndroidManifest.xml:17:13-41
32            android:configChanges="orientation|keyboardHidden|keyboard|screenSize|smallestScreenSize|locale|layoutDirection|fontScale|screenLayout|density|uiMode"
32-->src\main\AndroidManifest.xml:21:13-163
33            android:exported="true"
33-->src\main\AndroidManifest.xml:18:13-36
34            android:hardwareAccelerated="true"
34-->src\main\AndroidManifest.xml:22:13-47
35            android:launchMode="singleTop"
35-->src\main\AndroidManifest.xml:19:13-43
36            android:theme="@style/LaunchTheme"
36-->src\main\AndroidManifest.xml:20:13-47
37            android:windowSoftInputMode="adjustResize" >
37-->src\main\AndroidManifest.xml:23:13-55
38            <intent-filter>
38-->src\main\AndroidManifest.xml:24:13-27:29
39                <action android:name="android.intent.action.MAIN" />
39-->src\main\AndroidManifest.xml:25:17-68
39-->src\main\AndroidManifest.xml:25:25-66
40
41                <category android:name="android.intent.category.LAUNCHER" />
41-->src\main\AndroidManifest.xml:26:17-76
41-->src\main\AndroidManifest.xml:26:27-74
42            </intent-filter>
43        </activity>
44
45        <receiver
45-->src\main\AndroidManifest.xml:30:9-39:20
46            android:name="com.dexterous.flutterlocalnotifications.ScheduledNotificationBootReceiver"
46-->src\main\AndroidManifest.xml:31:13-101
47            android:exported="false" >
47-->src\main\AndroidManifest.xml:32:13-37
48            <intent-filter>
48-->src\main\AndroidManifest.xml:33:13-38:29
49                <action android:name="android.intent.action.BOOT_COMPLETED" />
49-->src\main\AndroidManifest.xml:34:17-78
49-->src\main\AndroidManifest.xml:34:25-76
50                <action android:name="android.intent.action.MY_PACKAGE_REPLACED" />
50-->src\main\AndroidManifest.xml:35:17-83
50-->src\main\AndroidManifest.xml:35:25-81
51                <action android:name="android.intent.action.QUICKBOOT_POWERON" />
51-->src\main\AndroidManifest.xml:36:17-81
51-->src\main\AndroidManifest.xml:36:25-79
52
53                <category android:name="android.intent.category.DEFAULT" />
53-->src\main\AndroidManifest.xml:37:17-75
53-->src\main\AndroidManifest.xml:37:27-73
54            </intent-filter>
55        </receiver>
56        <receiver
56-->src\main\AndroidManifest.xml:41:9-43:39
57            android:name="com.dexterous.flutterlocalnotifications.ScheduledNotificationReceiver"
57-->src\main\AndroidManifest.xml:42:13-97
58            android:exported="false" />
58-->src\main\AndroidManifest.xml:43:13-37
59
60        <meta-data
60-->src\main\AndroidManifest.xml:45:9-47:32
61            android:name="flutterEmbedding"
61-->src\main\AndroidManifest.xml:46:13-44
62            android:value="2" />
62-->src\main\AndroidManifest.xml:47:13-30
63
64        <uses-library
64-->[androidx.window:window:1.2.0] AndroidManifest.xml:23:9-25:40
65            android:name="androidx.window.extensions"
65-->[androidx.window:window:1.2.0] AndroidManifest.xml:24:13-54
66            android:required="false" />
66-->[androidx.window:window:1.2.0] AndroidManifest.xml:25:13-37
67        <uses-library
67-->[androidx.window:window:1.2.0] AndroidManifest.xml:26:9-28:40
68            android:name="androidx.window.sidecar"
68-->[androidx.window:window:1.2.0] AndroidManifest.xml:27:13-51
69            android:required="false" />
69-->[androidx.window:window:1.2.0] AndroidManifest.xml:28:13-37
70
71        <provider
71-->[androidx.lifecycle:lifecycle-process:2.7.0] AndroidManifest.xml:24:9-32:20
72            android:name="androidx.startup.InitializationProvider"
72-->[androidx.lifecycle:lifecycle-process:2.7.0] AndroidManifest.xml:25:13-67
73            android:authorities="com.example.todo.androidx-startup"
73-->[androidx.lifecycle:lifecycle-process:2.7.0] AndroidManifest.xml:26:13-68
74            android:exported="false" >
74-->[androidx.lifecycle:lifecycle-process:2.7.0] AndroidManifest.xml:27:13-37
75            <meta-data
75-->[androidx.lifecycle:lifecycle-process:2.7.0] AndroidManifest.xml:29:13-31:52
76                android:name="androidx.lifecycle.ProcessLifecycleInitializer"
76-->[androidx.lifecycle:lifecycle-process:2.7.0] AndroidManifest.xml:30:17-78
77                android:value="androidx.startup" />
77-->[androidx.lifecycle:lifecycle-process:2.7.0] AndroidManifest.xml:31:17-49
78            <meta-data
78-->[androidx.profileinstaller:profileinstaller:1.3.1] AndroidManifest.xml:29:13-31:52
79                android:name="androidx.profileinstaller.ProfileInstallerInitializer"
79-->[androidx.profileinstaller:profileinstaller:1.3.1] AndroidManifest.xml:30:17-85
80                android:value="androidx.startup" />
80-->[androidx.profileinstaller:profileinstaller:1.3.1] AndroidManifest.xml:31:17-49
81        </provider>
82
83        <receiver
83-->[androidx.profileinstaller:profileinstaller:1.3.1] AndroidManifest.xml:34:9-52:20
84            android:name="androidx.profileinstaller.ProfileInstallReceiver"
84-->[androidx.profileinstaller:profileinstaller:1.3.1] AndroidManifest.xml:35:13-76
85            android:directBootAware="false"
85-->[androidx.profileinstaller:profileinstaller:1.3.1] AndroidManifest.xml:36:13-44
86            android:enabled="true"
86-->[androidx.profileinstaller:profileinstaller:1.3.1] AndroidManifest.xml:37:13-35
87            android:exported="true"
87-->[androidx.profileinstaller:profileinstaller:1.3.1] AndroidManifest.xml:38:13-36
88            android:permission="android.permission.DUMP" >
88-->[androidx.profileinstaller:profileinstaller:1.3.1] AndroidManifest.xml:39:13-57
89            <intent-filter>
89-->[androidx.profileinstaller:profileinstaller:1.3.1] AndroidManifest.xml:40:13-42:29
90                <action android:name="androidx.profileinstaller.action.INSTALL_PROFILE" />
90-->[androidx.profileinstaller:profileinstaller:1.3.1] AndroidManifest.xml:41:17-91
90-->[androidx.profileinstaller:profileinstaller:1.3.1] AndroidManifest.xml:41:25-88
91            </intent-filter>
92            <intent-filter>
92-->[androidx.profileinstaller:profileinstaller:1.3.1] AndroidManifest.xml:43:13-45:29
93                <action android:name="androidx.profileinstaller.action.SKIP_FILE" />
93-->[androidx.profileinstaller:profileinstaller:1.3.1] AndroidManifest.xml:44:17-85
93-->[androidx.profileinstaller:profileinstaller:1.3.1] AndroidManifest.xml:44:25-82
94            </intent-filter>
95            <intent-filter>
95-->[androidx.profileinstaller:profileinstaller:1.3.1] AndroidManifest.xml:46:13-48:29
96                <action android:name="androidx.profileinstaller.action.SAVE_PROFILE" />
96-->[androidx.profileinstaller:profileinstaller:1.3.1] AndroidManifest.xml:47:17-88
96-->[androidx.profileinstaller:profileinstaller:1.3.1] AndroidManifest.xml:47:25-85
97            </intent-filter>
98            <intent-filter>
98-->[androidx.profileinstaller:profileinstaller:1.3.1] AndroidManifest.xml:49:13-51:29
99                <action android:name="androidx.profileinstaller.action.BENCHMARK_OPERATION" />
99-->[androidx.profileinstaller:profileinstaller:1.3.1] AndroidManifest.xml:50:17-95
99-->[androidx.profileinstaller:profileinstaller:1.3.1] AndroidManifest.xml:50:25-92
100            </intent-filter>
101        </receiver>
102    </application>
103
104</manifest>